<?xml version="1.0" encoding="UTF-8" ?>
<testsuites disabled="0" errors="0" failures="0" tests="4" time="11.568">
 <testsuite name="EndToEndFlow" timestamp="2019-12-25T11:18:46" hostname="localhost" time="11.568" errors="0" tests="4" skipped="0" disabled="0" failures="0">
  <testcase classname="EndToEndFlow" name="add two numbers " time="2.586" />
  <testcase classname="EndToEndFlow" name="add two numbers " time="2.317" />
  <testcase classname="EndToEndFlow" name="multiply two numbers " time="2.895" />
  <testcase classname="EndToEndFlow" name="multiply two numbers " time="2.495" />
 </testsuite>
</testsuites>