<?xml version="1.0" encoding="UTF-8" ?>
<testsuites disabled="2" errors="0" failures="0" tests="7" time="12.523">
 <testsuite name="EndToEndFlow" timestamp="2019-12-26T11:40:24" hostname="localhost" time="12.523" errors="0" tests="7" skipped="0" disabled="2" failures="0">
  <testcase classname="EndToEndFlow" name="add two numbers for a set of numbers " time="1.893" />
  <testcase classname="EndToEndFlow" name="add two numbers for a set of numbers " time="2.288" />
  <testcase classname="EndToEndFlow" name="add two numbers for a set of numbers " time="2.466" />
  <testcase classname="EndToEndFlow" name="add two numbers for a set of numbers " time="2.794" />
  <testcase classname="EndToEndFlow" name="get 3rd column value and sum it " time="1.919" />
  <testcase classname="EndToEndFlow" name="get all the values from webtable " time="0.002">
   <skipped />
  </testcase>
  <testcase classname="EndToEndFlow" name="get 3rd column values " time="0.002">
   <skipped />
  </testcase>
 </testsuite>
</testsuites>